# authors: Mikolas Janota, Joao Marques-Silva
# contributors: Ines Lynce, Vasco Manquinho
# email mikolas@sat.inesc-id.pt
# (C) 2011 Mikolas Janota
# release: 0.6 distribution date: 2011-06-05 change set: e09be74b0d54
# Released under the GPL license.
# solving 
# external command finished with exit value 0
# solving time:
#	 parent process: 317.973s
#	 child processes: 0.353671s
#	 total time: 318.326s
# sol printing
# beginning of solution from packup
package: nvi
version: 14723
installed: true

package: libtevent0
version: 5176
installed: true

package: libmono0
version: 13385
installed: true

package: libmono-system2.0-cil
version: 13385
installed: true

package: libmono-security2.0-cil
version: 13385
installed: true

package: mono-common
version: 13385
installed: true

package: mono-jit
version: 13385
installed: true

package: libgdl-1-common
version: 4127
installed: true

package: manpages
version: 19200
installed: true

package: kdbg
version: 13456
installed: true

package: libx11-dev
version: 28354
installed: true

package: eagle-usb-data
version: 16040
installed: true

package: libhtml-tableextract-perl
version: 18347
installed: true

package: libsyndication4
version: 28966
installed: true

package: kdepim-kio-plugins
version: 28792
installed: true

package: libqgpgme1
version: 28966
installed: true

package: kdelirc
version: 28786
installed: true

package: libmicroblog4
version: 28966
installed: true

package: qt3-dev-tools
version: 28706
installed: true

package: libgupnp-igd-1.0-3
version: 1116
installed: true

package: libmpcdec3
version: 10871
installed: true

package: docbook-dsssl
version: 14722
installed: true

package: libkcal4
version: 28966
installed: true

package: libkmime4
version: 28966
installed: true

package: psutils
version: 13975
installed: true

package: libksieve0
version: 28792
installed: true

package: libasyncns0
version: 1847
installed: true

package: libkpimidentities1
version: 28792
installed: true

package: xtoolwait
version: 11286
installed: true

package: libkleopatra0a
version: 28792
installed: true

package: libldap-2.4-2
version: 17288
installed: true

package: libedataserver1.2-7
version: 12697
installed: true

package: gettext-base
version: 6117
installed: true

package: libgpgme++2
version: 28966
installed: true

package: console-terminus
version: 22389
installed: true

package: kview
version: 28791
installed: true

package: libogg0
version: 10703
installed: true

package: apt
version: 4154
installed: true

package: pkg-config
version: 6335
installed: true

package: artsbuilder
version: 28786
installed: true

package: libkpimidentities4
version: 28966
installed: true

package: gnome-themes-extras
version: 18930
installed: true

package: poster
version: 28208
installed: true

package: ttf-sjfonts
version: 15425
installed: true

package: file
version: 22317
installed: true

package: libspeexdsp1
version: 10557
installed: true

package: libxfce4util4
version: 22173
installed: true

package: kvoctrain
version: 28793
installed: true

package: libsieve2-1
version: 16593
installed: true

package: gnustep-ppd
version: 9225
installed: true

package: libjson-glib-1.0-0
version: 5580
installed: true

package: xfonts-encodings
version: 26446
installed: true

package: libpam-runtime
version: 7550
installed: true

package: libao2
version: 4571
installed: true

package: timezoneconf
version: 5493
installed: true

package: ksysguard
version: 28788
installed: true

package: libgnome-keyring0
version: 18954
installed: true

package: kdat
version: 28786
installed: true

package: python-gtk2
version: 17621
installed: true

package: kppp
version: 28797
installed: true

package: libpthread-stubs0-dev
version: 776
installed: true

package: libvte-common
version: 26250
installed: true

package: x-dev
version: 23633
installed: true

package: libck-connector0
version: 2525
installed: true

package: libfam0c102
version: 17967
installed: true

package: libsolidcontrolifaces4
version: 28969
installed: true

package: kdevelop3-plugins
version: 28771
installed: true

package: gnome-about
version: 18663
installed: true

package: gnome-panel-data
version: 18668
installed: true

package: libegroupwise6
version: 9498
installed: true

package: libnuma1
version: 15607
installed: true

package: libdb4.7
version: 22236
installed: true

package: libedata-cal5
version: 9498
installed: true

package: libfs6
version: 28349
installed: true

package: libqt4-xml
version: 28989
installed: true

package: ttf-dustin
version: 25190
installed: true

package: libdps1
version: 21913
installed: true

package: libsoup2.2-8
version: 16761
installed: true

package: libgtop2-common
version: 19065
installed: true

package: libmng1
version: 9694
installed: true

package: libcamel1.2-8
version: 12697
installed: true

package: gtk2-engines
version: 27478
installed: true

package: kmail
version: 28792
installed: true

package: libgnome-menu2
version: 19128
installed: true

package: libmozjs0d
version: 13113
installed: true

package: libcitadel1
version: 23841
installed: true

package: libcdio7
version: 7561
installed: true

package: desktop-base
version: 2282
installed: true

package: kwin4
version: 28786
installed: true

package: gnome-session
version: 18139
installed: true

package: libmetacity0
version: 27447
installed: true

package: libebook1.2-5
version: 12697
installed: true

package: libexif10
version: 3718
installed: true

package: kpilot
version: 28792
installed: true

package: libgstreamer-gconf0.8-0
version: 4570
installed: true

package: nautilus-media
version: 4354
installed: true

package: render-dev
version: 28272
installed: true

package: ocaml-interp
version: 20887
installed: true

package: libtasn1-2-dev
version: 1719
installed: true

package: libfontenc1
version: 26482
installed: true

package: lskat
version: 28786
installed: true

package: libunistring0
version: 4970
installed: true

package: libnl1
version: 9959
installed: true

package: libsnmp-base
version: 22815
installed: true

package: libsnmp5
version: 22632
installed: true

package: slang1a-utf8
version: 12093
installed: true

package: libosp4
version: 12353
installed: true

package: libgal2.2-1
version: 16576
installed: true

package: libgal2.2-common
version: 16576
installed: true

package: libdb4.1
version: 21740
installed: true

package: libedataserver3
version: 9498
installed: true

package: libecal6
version: 9498
installed: true

package: ssh
version: 27959
installed: true

package: libtext-iconv-perl
version: 10573
installed: true

package: lesstif2
version: 26363
installed: true

package: libxdmcp-dev
version: 26469
installed: true

package: vim
version: 28017
installed: true

package: kdelibs-bin
version: 28799
installed: true

package: vim-common
version: 28052
installed: true

package: libgstreamer0.8-0
version: 4609
installed: true

package: libutempter0
version: 10310
installed: true

package: liblwres1
version: 28099
installed: true

package: libcompfaceg1
version: 26843
installed: true

package: bc
version: 12559
installed: true

package: libtorque2
version: 17277
installed: true

package: libibverbs1
version: 10217
installed: true

package: shogun-python
version: 4973
installed: true

package: kmessedwords
version: 28793
installed: true

package: gstreamer0.8-tools
version: 4609
installed: true

package: libopenthreads7
version: 17111
installed: true

package: libupower-glib1
version: 5039
installed: true

package: libxcomposite1
version: 26014
installed: true

package: liboauth-php
version: 24
installed: true

package: libcanberra0
version: 6610
installed: true

package: python-pkg-resources
version: 3755
installed: true

package: adduser
version: 21285
installed: true

package: x11proto-video-dev
version: 16821
installed: true

package: libkimap4
version: 28966
installed: true

package: libgeoip1
version: 12062
installed: true

package: libnautilus-burn4
version: 18859
installed: true

package: openjade1.3
version: 11475
installed: true

package: libgpm2
version: 14108
installed: true

package: exim4
version: 22422
installed: true

package: gnome-menus
version: 19128
installed: true

package: libosp5
version: 12377
installed: true

package: libgnomecupsui1.0-1
version: 6638
installed: true

package: libmusicbrainz4c2a
version: 16168
installed: true

package: libmimic0
version: 9507
installed: true

package: capplets
version: 27379
installed: true

package: policykit-1-gnome
version: 7955
installed: true

package: libnice0
version: 389
installed: true

package: rxvt-unicode-ml
version: 22734
installed: true

package: palapeli-data
version: 28965
installed: true

package: libgssdp-1.0-2
version: 4298
installed: true

package: libmeanwhile1
version: 9397
installed: true

package: libgadu3
version: 26927
installed: true

package: libxfce4util-common
version: 22173
installed: true

package: gaim-guifications
version: 18347
installed: true

package: e16-data
version: 6284
installed: true

package: libserf-0-0
version: 1977
installed: true

package: libonig2
version: 23004
installed: true

package: php5
version: 22721
installed: true

package: libxsettings-client0
version: 6299
installed: true

package: libxt6
version: 26495
installed: true

package: libisc62
version: 28104
installed: true

package: gnumeric
version: 12698
installed: true

package: libaprutil1-dbd-freetds
version: 11638
installed: true

package: libnspr4-0d
version: 22261
installed: true

package: readline-common
version: 22673
installed: true

package: unixodbc
version: 16705
installed: true

package: librdf0
version: 9696
installed: true

package: debian-archive-keyring
version: 24840
installed: true

package: libart2
version: 11954
installed: true

package: libgcj-bc
version: 21924
installed: true

package: kdevelop3
version: 28771
installed: true

package: kasteroids
version: 28786
installed: true

package: libxklavier8
version: 11264
installed: true

package: xfree86-common
version: 21913
installed: true

package: libopencdk8
version: 3151
installed: true

package: apache-ssl
version: 11717
installed: true

package: libgstreamer-plugins0.8-0
version: 4611
installed: true

package: ssl-cert
version: 9820
installed: true

package: libpulse0
version: 5382
installed: true

package: kdemultimedia
version: 28786
installed: true

package: gpgv
version: 12086
installed: true

package: libiso9660-5
version: 7561
installed: true

package: libxml2-dev
version: 18047
installed: true

package: libesmtp5
version: 9456
installed: true

package: libdvdread4
version: 21708
installed: true

package: libical0
version: 7041
installed: true

package: libcitadel2
version: 23852
installed: true

package: dselect
version: 13641
installed: true

package: libvte9
version: 26277
installed: true

package: make
version: 21313
installed: true

package: libgcj7-0
version: 21668
installed: true

package: latex-cjk-chinese
version: 22219
installed: true

package: x11proto-kb-dev
version: 9546
installed: true

package: coreutils
version: 23983
installed: true

package: kghostview
version: 28791
installed: true

package: courier-authdaemon
version: 7391
installed: true

package: libgtkmm-2.4-1
version: 17286
installed: true

package: expect
version: 23151
installed: true

package: kmahjongg
version: 28786
installed: true

package: autotools-dev
version: 25598
installed: true

package: courier-authlib
version: 7391
installed: true

package: libecal1.2-6
version: 12697
installed: true

package: libbg1
version: 14909
installed: true

package: libgnomecanvas2-0
version: 18639
installed: true

package: bcron-run
version: 4725
installed: true

package: logrotate
version: 20776
installed: true

package: libkpathsea3
version: 15509
installed: true

package: libshogun8
version: 4973
installed: true

package: libopencdk8-dev
version: 3151
installed: true

package: kturtle
version: 28793
installed: true

package: sysvinit
version: 19375
installed: true

package: libselinux1
version: 15857
installed: true

package: libqt4-designer
version: 28989
installed: true

package: libssl0.9.7
version: 5157
installed: true

package: libmono-corlib2.0-cil
version: 13385
installed: true

package: scrollkeeper
version: 2279
installed: true

package: libgnomeprintui2.2-0
version: 18804
installed: true

package: sudo
version: 12758
installed: true

package: finger
version: 6303
installed: true

package: libgnomeprint2.2-data
version: 18812
installed: true

package: ucspi-unix
version: 6897
installed: true

package: libsysfs1
version: 10742
installed: true

package: libgksuui1.0-0
version: 9510
installed: true

package: python2.3-numeric
version: 24352
installed: true

package: groff-base
version: 14025
installed: true

package: bcron
version: 4730
installed: true

package: gcj-4.1-base
version: 21668
installed: true

package: wget
version: 13692
installed: true

package: libgnomevfs2-common
version: 27484
installed: true

package: libdirectfb-1.2-9
version: 11137
installed: true

package: libatlas3gf-3dnow
version: 20707
installed: true

package: libgupnp-1.0-3
version: 6094
installed: true

package: chromium-browser-inspector
version: 23328
installed: true

package: libvpx0
version: 4861
installed: true

package: kmix
version: 28786
installed: true

package: xz-utils
version: 22531
installed: true

package: libevent-1.4-2
version: 12123
installed: true

package: gnome-icon-theme
version: 18656
installed: true

package: libcolamd2.7.1
version: 27744
installed: true

package: libkcal2a
version: 28792
installed: true

package: libicu44
version: 22027
installed: true

package: libnotify1
version: 2938
installed: true

package: liblcms1
version: 13900
installed: true

package: libnspr4
version: 28502
installed: true

package: socklog
version: 16003
installed: true

package: epiphany-browser
version: 12075
installed: true

package: bind9-host
version: 28100
installed: true

package: phonon
version: 28926
installed: true

package: kmoon
version: 28792
installed: true

package: libgssglue1
version: 783
installed: true

package: libunique-1.0-0
version: 10329
installed: true

package: libraw1394-5
version: 5567
installed: true

package: libgdata-google1.2-1
version: 19129
installed: true

package: libfsplib0
version: 5722
installed: true

package: base-config
version: 19266
installed: true

package: libmozjs1d
version: 13362
installed: true

package: libmyspell3c2
version: 27601
installed: true

package: libpango1.0-0
version: 14109
installed: true

package: libnss3-1d
version: 21040
installed: true

package: libgsf-1
version: 13678
installed: true

package: libeel2-data
version: 18149
installed: true

package: libeel2-2
version: 18149
installed: true

package: libsamplerate0
version: 1033
installed: true

package: m4
version: 12104
installed: true

package: libstartup-notification0
version: 4219
installed: true

package: libgail-common
version: 13176
installed: true

package: sysv-rc
version: 19367
installed: true

package: libice6
version: 28362
installed: true

package: modconf
version: 1976
installed: true

package: udev
version: 7251
installed: true

package: jikes
version: 27011
installed: true

package: libungif4g
version: 21724
installed: true

package: gnome-mime-data
version: 17175
installed: true

package: pppoe
version: 20569
installed: true

package: apt-utils
version: 4154
installed: true

package: liblablgl-ocaml
version: 9952
installed: true

package: gconf2
version: 19068
installed: true

package: libgconf2-4
version: 19068
installed: true

package: libiw27
version: 24381
installed: true

package: liborbit2
version: 27450
installed: true

package: liblzo2-2
version: 16771
installed: true

package: libstlport4.6
version: 22175
installed: true

package: locales-all
version: 18475
installed: true

package: kwordquiz
version: 28793
installed: true

package: libilmbase6
version: 9315
installed: true

package: libxklavier16
version: 22501
installed: true

package: libclucene0ldbl
version: 5385
installed: true

package: kworldclock
version: 28792
installed: true

package: apache-common
version: 11717
installed: true

package: ruby1.8
version: 13153
installed: true

package: libxul-common
version: 13113
installed: true

package: libnss3-0d
version: 13113
installed: true

package: libkparts4
version: 28966
installed: true

package: libruby1.8
version: 13239
installed: true

package: libffi5
version: 19794
installed: true

package: kfind
version: 28788
installed: true

package: psmisc
version: 24322
installed: true

package: libsasl2-modules
version: 16281
installed: true

package: libxmuu1
version: 28374
installed: true

package: x11proto-xext-dev
version: 23650
installed: true

package: docbook-xml
version: 21991
installed: true

package: eject
version: 15746
installed: true

package: libkresources4
version: 28966
installed: true

package: php5-cgi
version: 22762
installed: true

package: libgtop2-7
version: 19065
installed: true

package: x11proto-render-dev
version: 28290
installed: true

package: knotes
version: 28792
installed: true

package: libpython2.6
version: 17703
installed: true

package: libpt-plugins-v4l2
version: 13177
installed: true

package: libmozjs2d
version: 13391
installed: true

package: libpanel-applet2-0
version: 19123
installed: true

package: libswscale0
version: 28739
installed: true

package: libshout3
version: 15900
installed: true

package: libkate1
version: 2203
installed: true

package: kweather
version: 28792
installed: true

package: libconsole
version: 25956
installed: true

package: libdvbpsi6
version: 1111
installed: true

package: libsolid4
version: 28966
installed: true

package: libdca0
version: 265
installed: true

package: libdc1394-22
version: 16093
installed: true

package: libkpimtextedit4
version: 28966
installed: true

package: libebackend1.2-0
version: 19129
installed: true

package: gconf2-common
version: 19068
installed: true

package: libxfixes3
version: 27845
installed: true

package: libmailtransport4
version: 28966
installed: true

package: libgpg-error-dev
version: 12530
installed: true

package: findutils
version: 21738
installed: true

package: libflac7
version: 10231
installed: true

package: libgmp3c2
version: 28640
installed: true

package: ksim
version: 28786
installed: true

package: libxres1
version: 28352
installed: true

package: netkit-inetd
version: 5514
installed: true

package: libqtcore4
version: 28989
installed: true

package: libdc1394-13
version: 10096
installed: true

package: libgnome-desktop-2
version: 18663
installed: true

package: libxcb-xv0
version: 12530
installed: true

package: libid3tag0
version: 6180
installed: true

package: gir1.0-freedesktop
version: 3749
installed: true

package: ksame
version: 28786
installed: true

package: libfribidi0
version: 6430
installed: true

package: libpcap0.7
version: 3980
installed: true

package: monotone-doc
version: 6799
installed: true

package: libconvert-binhex-perl
version: 14934
installed: true

package: libtidy0
version: 25356
installed: true

package: gstreamer0.8-flac
version: 4611
installed: true

package: libnewt0.51
version: 7184
installed: true

package: libdjvulibre-text
version: 20675
installed: true

package: libnet1
version: 10249
installed: true

package: update-inetd
version: 22381
installed: true

package: libxft2
version: 16193
installed: true

package: libspeex1
version: 10557
installed: true

package: libgimp2.0
version: 16683
installed: true

package: usbutils
version: 7462
installed: true

package: libdirectfb-0.9-25
version: 5407
installed: true

package: libmatrixssl1.2
version: 10973
installed: true

package: openssl
version: 5205
installed: true

package: runit
version: 15364
installed: true

package: libgsf-gnome-1
version: 13678
installed: true

package: libtext-charwidth-perl
version: 2350
installed: true

package: wodim
version: 29035
installed: true

package: openssh-server
version: 27959
installed: true

package: libfaad2
version: 17936
installed: true

package: libidn11
version: 13066
installed: true

package: libmimelib1c2a
version: 29000
installed: true

package: libpth20
version: 15655
installed: true

package: bzip2
version: 9546
installed: true

package: libattica0
version: 1033
installed: true

package: librasqal2
version: 5374
installed: true

package: libcomerr2
version: 14405
installed: true

package: libkjsembed4
version: 28966
installed: true

package: karm
version: 28792
installed: true

package: libwrap0
version: 23768
installed: true

package: libkdepim1
version: 28792
installed: true

package: ncurses-bin
version: 22778
installed: true

package: tcptraceroute
version: 12246
installed: true

package: quanta
version: 27716
installed: true

package: libosmesa6
version: 23625
installed: true

package: libsoup2.2-7
version: 16530
installed: true

package: kruler
version: 28791
installed: true

package: libhtml-tagset-perl
version: 21125
installed: true

package: liblazy1
version: 1309
installed: true

package: gstreamer0.8-oss
version: 4611
installed: true

package: libdns16
version: 28099
installed: true

package: libqtgui4
version: 28989
installed: true

package: libneon23
version: 6608
installed: true

package: libneon24
version: 6629
installed: true

package: kmines
version: 28786
installed: true

package: libgtkhtml2-0
version: 18461
installed: true

package: libct3
version: 7385
installed: true

package: libfile-temp-perl
version: 6523
installed: true

package: libsilcclient-1.1-3
version: 10407
installed: true

package: e2fsprogs
version: 14433
installed: true

package: gcc-4.4-base
version: 22068
installed: true

package: libedataserverui1.2-6
version: 12697
installed: true

package: xutils
version: 21913
installed: true

package: libkldap4
version: 28966
installed: true

package: arts
version: 11466
installed: true

package: libwnck4
version: 18136
installed: true

package: libssh2-1
version: 11012
installed: true

package: klogd
version: 12211
installed: true

package: libnautilus2-2
version: 18152
installed: true

package: pinentry-qt4
version: 4291
installed: true

package: tzdata-java
version: 24852
installed: true

package: libkpathsea4
version: 24802
installed: true

package: libhesiod0
version: 19718
installed: true

package: gstreamer0.10-alsa
version: 5654
installed: true

package: libopenjpeg2
version: 11368
installed: true

package: libwww-perl
version: 23222
installed: true

package: libcdio6
version: 7543
installed: true

package: dpkg
version: 13892
installed: true

package: libxcb1
version: 9940
installed: true

package: ttf-bitstream-vera
version: 13568
installed: true

package: dbus
version: 11201
installed: true

package: libxcb-shm0
version: 12530
installed: true

package: lsb-base
version: 20113
installed: true

package: tar
version: 14163
installed: true

package: kig
version: 28793
installed: true

package: libreadline6
version: 23333
installed: true

package: x11proto-input-dev
version: 11468
installed: true

package: libdrm-radeon1
version: 17307
installed: true

package: xscreensaver
version: 22371
installed: true

package: xdg-utils
version: 9434
installed: true

package: libglpk0
version: 22413
installed: true

package: diffutils
version: 27554
installed: true

package: libt1-5
version: 22549
installed: true

package: openjade
version: 11808
installed: true

package: libgtk2.0-bin
version: 18240
installed: true

package: libnetpbm10
version: 28672
installed: true

package: kxsldbg
version: 27716
installed: true

package: xmms
version: 11132
installed: true

package: libgail17
version: 13261
installed: true

package: pciutils
version: 27175
installed: true

package: libaccess-bridge-java-jni
version: 14229
installed: true

package: libsane-extras
version: 9816
installed: true

package: libxdamage1
version: 26565
installed: true

package: libtalloc1
version: 10704
installed: true

package: libakonadi-kde4
version: 28966
installed: true

package: libhal0
version: 2696
installed: true

package: librsvg2-common
version: 18944
installed: true

package: libqt4-opengl
version: 28989
installed: true

package: libpthread-stubs0
version: 776
installed: true

package: mpeglib
version: 28786
installed: true

package: libavahi-common3
version: 3797
installed: true

package: x11proto-core-dev
version: 23633
installed: true

package: gtk2-engines-spherecrystal
version: 3848
installed: true

package: bsdutils
version: 27429
installed: true

package: libxcursor1
version: 26593
installed: true

package: bash
version: 17376
installed: true

package: refblas3
version: 10596
installed: true

package: libltdl3
version: 12510
installed: true

package: soprano-daemon
version: 17409
installed: true

package: libdatrie1
version: 1576
installed: true

package: libgdata1.2-1
version: 19129
installed: true

package: libthai0
version: 1135
installed: true

package: base-files
version: 23286
installed: true

package: bbclone
version: 2681
installed: true

package: liblocale-gettext-perl
version: 9985
installed: true

package: libcupsys2
version: 11615
installed: true

package: libqt4-qt3support
version: 28989
installed: true

package: libkrb5-3
version: 13173
installed: true

package: man-db
version: 17504
installed: true

package: kamera
version: 28791
installed: true

package: libavahi-common-data
version: 3792
installed: true

package: libmal1
version: 6961
installed: true

package: libhdf5-lam-1.8.4
version: 13190
installed: true

package: libavahi-client3
version: 3792
installed: true

package: isc-dhcp-client
version: 21679
installed: true

package: ncurses-base
version: 22778
installed: true

package: x11-xkb-utils
version: 23714
installed: true

package: libnet-ident-perl
version: 14076
installed: true

package: libkeyutils1
version: 10597
installed: true

package: zope-common
version: 3309
installed: true

package: libcucul0
version: 8249
installed: true

package: libgnomecups1.0-1
version: 1554
installed: true

package: libgcrypt11
version: 12036
installed: true

package: bsdmainutils
version: 23320
installed: true

package: gnome-volume-manager
version: 10729
installed: true

package: noatun-plugins
version: 28794
installed: true

package: libvte4
version: 26250
installed: true

package: libgtk2.0-common
version: 18240
installed: true

package: kiconedit
version: 28791
installed: true

package: libx86-1
version: 10051
installed: true

package: exim4-daemon-light
version: 22452
installed: true

package: libexempi3
version: 16037
installed: true

package: libgtk2.0-0
version: 18867
installed: true

package: libdebian-installer4
version: 7338
installed: true

package: libpoppler3
version: 4547
installed: true

package: libnepomuk4
version: 28966
installed: true

package: tcl8.4
version: 23982
installed: true

package: tsconf
version: 8969
installed: true

package: libsysfs2
version: 16000
installed: true

package: libdirectfb-1.0-0
version: 9340
installed: true

package: automake1.6
version: 12699
installed: true

package: autoconf
version: 19296
installed: true

package: kreversi
version: 28786
installed: true

package: libapr1
version: 11940
installed: true

package: libmpeg2-4
version: 2475
installed: true

package: libvncserver0
version: 5142
installed: true

package: libpango1.0-common
version: 14109
installed: true

package: libgtksourceview-common
version: 13165
installed: true

package: libgstreamer-plugins-base0.10-0
version: 5654
installed: true

package: latex-cjk-common
version: 22219
installed: true

package: odbcinst
version: 16705
installed: true

package: libqdbm14
version: 13285
installed: true

package: libgtk1.2-common
version: 11125
installed: true

package: libstdc++5
version: 27733
installed: true

package: libraw1394-8
version: 11399
installed: true

package: ocaml-base
version: 20887
installed: true

package: perl-base
version: 22992
installed: true

package: ed
version: 1327
installed: true

package: libbind9-0
version: 28100
installed: true

package: libisccc0
version: 28099
installed: true

package: iputils-ping
version: 28731
installed: true

package: gnome-applets
version: 18154
installed: true

package: liburi-perl
version: 14562
installed: true

package: libnsgif0
version: 167
installed: true

package: kdeutils
version: 28786
installed: true

package: xfonts-utils
version: 28075
installed: true

package: exim4-base
version: 22452
installed: true

package: zope2.7
version: 18023
installed: true

package: gcj-4.3-base
version: 21924
installed: true

package: freetds-common
version: 7619
installed: true

package: gcc-4.3-base
version: 21923
installed: true

package: libkephal4
version: 28969
installed: true

package: tex-common
version: 9298
installed: true

package: perl
version: 22992
installed: true

package: netsurf-framebuffer-common
version: 15899
installed: true

package: mozilla-browser
version: 28502
installed: true

package: libmagic1
version: 22317
installed: true

package: gir1.0-glib-2.0
version: 3749
installed: true

package: sensible-utils
version: 240
installed: true

package: libxdmcp6
version: 26469
installed: true

package: libcanna1g
version: 20791
installed: true

package: libaspell15
version: 7321
installed: true

package: libjpeg62
version: 23265
installed: true

package: libslang2
version: 16122
installed: true

package: libstdc++2.10-glibc2.2
version: 27544
installed: true

package: diff
version: 18145
installed: true

package: libkutils4
version: 28966
installed: true

package: defoma
version: 5837
installed: true

package: libkio5
version: 28966
installed: true

package: gnome-cups-manager
version: 6638
installed: true

package: tetex-base
version: 19889
installed: true

package: libthai-data
version: 1135
installed: true

package: sed
version: 21692
installed: true

package: libegroupwise1.2-13
version: 19129
installed: true

package: ucf
version: 13964
installed: true

package: libwnck-common
version: 18951
installed: true

package: debconf-i18n
version: 12508
installed: true

package: libcurl3
version: 23822
installed: true

package: libmpcdec6
version: 28239
installed: true

package: libsndfile1
version: 9821
installed: true

package: libcairo2
version: 12713
installed: true

package: hostname
version: 18580
installed: true

package: python2.2
version: 16541
installed: true

package: libgsl0ldbl
version: 13666
installed: true

package: libsm6
version: 28382
installed: true

package: libknewstuff3-4
version: 28966
installed: true

package: windowlab
version: 14348
installed: true

package: python-gmenu
version: 19128
installed: true

package: libldap2
version: 16286
installed: true

package: libgnomeui-0
version: 18650
installed: true

package: libxft1
version: 21913
installed: true

package: evolution
version: 15576
installed: true

package: libxau6
version: 26490
installed: true

package: libuuid1
version: 18783
installed: true

package: libxcb-atom1
version: 2159
installed: true

package: kimagemapeditor
version: 27716
installed: true

package: libqt4-webkit
version: 28989
installed: true

package: libdb4.6
version: 22192
installed: true

package: xauth
version: 26479
installed: true

package: mount
version: 18506
installed: true

package: bsd-mailx
version: 23904
installed: true

package: iso-codes
version: 20603
installed: true

package: e2fslibs
version: 14433
installed: true

package: libenchant1c2a
version: 12599
installed: true

package: gcc-4.1-base
version: 21669
installed: true

package: kopete
version: 28797
installed: true

package: libkpathsea5
version: 24833
installed: true

package: kdepim-kfile-plugins
version: 28792
installed: true

package: shared-mime-info
version: 6761
installed: true

package: libpcre3
version: 23913
installed: true

package: libatlas3gf-base
version: 20707
installed: true

package: kfloppy
version: 28786
installed: true

package: libevtlog0
version: 1672
installed: true

package: libhubbub0
version: 167
installed: true

package: dbus-1
version: 6606
installed: true

package: libkrb53
version: 13173
installed: true

package: libqt4-dbus
version: 28989
installed: true

package: libpolkit-agent-1-0
version: 7956
installed: true

package: kviewshell
version: 28791
installed: true

package: libpng12-0
version: 11205
installed: true

package: librsvg2-2
version: 18944
installed: true

package: libwebkit-1.0-common
version: 11015
installed: true

package: libdb1-compat
version: 16133
installed: true

package: libntlm0
version: 2241
installed: true

package: libkjsapi4
version: 28966
installed: true

package: libglib2.0-0
version: 18999
installed: true

package: xscreensaver-gl
version: 22356
installed: true

package: libedataserver1.2-13
version: 19129
installed: true

package: dictionaries-common
version: 12495
installed: true

package: console-tools
version: 25956
installed: true

package: libhunspell-1.2-0
version: 11139
installed: true

package: libshogunui5
version: 4973
installed: true

package: libpam-modules
version: 10171
installed: true

package: libiec61883-0
version: 10721
installed: true

package: exim4-config
version: 22452
installed: true

package: liblua5.1-0
version: 22633
installed: true

package: libxml2
version: 18047
installed: true

package: libv4l-0
version: 4291
installed: true

package: sgml-base
version: 14214
installed: true

package: libxmu6
version: 28374
installed: true

package: libacl1
version: 16723
installed: true

package: cpp-3.3
version: 27731
installed: true

package: kdeprint
version: 28788
installed: true

package: mawk
version: 11512
installed: true

package: kdegraphics
version: 28791
installed: true

package: libtalloc2
version: 15574
installed: true

package: ksnapshot
version: 28791
installed: true

package: libdns22
version: 28100
installed: true

package: libgpgme11
version: 10727
installed: true

package: liblzma2
version: 22531
installed: true

package: dia-gnome
version: 7891
installed: true

package: libbonobo2-0
version: 19001
installed: true

package: libncurses5
version: 22915
installed: true

package: ghostscript
version: 24038
installed: true

package: libxine1
version: 9303
installed: true

package: libstdc++6
version: 22068
installed: true

package: libwildmidi1
version: 1566
installed: true

package: kolourpaint
version: 28791
installed: true

package: libaudit0
version: 12957
installed: true

package: libdb4.2
version: 21873
installed: true

package: libidl0
version: 4591
installed: true

package: libtasn1-3
version: 17926
installed: true

package: nuvola-icon-theme
version: 28965
installed: true

package: libfreetype6
version: 17180
installed: true

package: libvorbis-dev
version: 10252
installed: true

package: zlib1g
version: 26654
installed: true

package: kbruch
version: 28793
installed: true

package: libmms0
version: 2359
installed: true

package: libpixman-1-0
version: 6281
installed: true

package: patch
version: 17550
installed: true

package: libgtkspell0
version: 15703
installed: true

package: gnupg-agent
version: 13505
installed: true

package: kmenuedit
version: 28788
installed: true

package: libcap1
version: 26965
installed: true

package: dwm-tools
version: 24376
installed: true

package: liboil0.2
version: 1514
installed: true

package: libthreadweaver4
version: 28966
installed: true

package: debconf
version: 12508
installed: true

package: libxml1
version: 26938
installed: true

package: libtext-wrapi18n-perl
version: 3374
installed: true

package: libgdbm3
version: 13166
installed: true

package: libgoffice-0-6-common
version: 3590
installed: true

package: libdv4
version: 9209
installed: true

package: libxaw7
version: 28366
installed: true

package: libblkid1
version: 18783
installed: true

package: emacsen-common
version: 12137
installed: true

package: libfftw3-3
version: 19992
installed: true

package: libxinerama1
version: 28353
installed: true

package: dialog
version: 10065
installed: true

package: libdb3
version: 20251
installed: true

package: initscripts
version: 19356
installed: true

package: libx11-6
version: 28354
installed: true

package: netpbm
version: 28672
installed: true

package: libmpfr4
version: 19662
installed: true

package: libkscan1
version: 28791
installed: true

package: libvisual-0.4-0
version: 2452
installed: true

package: libjline-java
version: 5462
installed: true

package: libgl1-mesa-glx
version: 23477
installed: true

package: libpoppler5
version: 5928
installed: true

package: libtag1c2a
version: 12687
installed: true

package: gnome-control-center
version: 27379
installed: true

package: tetex-bin
version: 19595
installed: true

package: libxv1
version: 28358
installed: true

package: libxcb-shape0
version: 12530
installed: true

package: plasma-desktopthemes-artwork
version: 28965
installed: true

package: gzip
version: 11656
installed: true

package: gnustep-common
version: 17114
installed: true

package: libcroco3
version: 3505
installed: true

package: xcursor-themes
version: 9389
installed: true

package: python2.6
version: 17703
installed: true

package: libatk1.0-0
version: 14292
installed: true

package: kbugbuster
version: 28792
installed: true

package: transmission-common
version: 16771
installed: true

package: libopenthreads-dev
version: 17111
installed: true

package: xemacs21-basesupport
version: 24756
installed: true

package: libktexteditor4
version: 28966
installed: true

package: libexiv2-9
version: 6442
installed: true

package: gstreamer0.8-misc
version: 4570
installed: true

package: ktnef
version: 28792
installed: true

package: libxcb-aux0
version: 2159
installed: true

package: metacity-common
version: 27447
installed: true

package: libbonobo2-common
version: 19001
installed: true

package: passwd
version: 27841
installed: true

package: libtre5
version: 4298
installed: true

package: libboost-python1.32.0
version: 14326
installed: true

package: kdevelop-data
version: 28887
installed: true

package: esound-common
version: 1806
installed: true

package: liba52-0.7.4
version: 4022
installed: true

package: tcpd
version: 23768
installed: true

package: anacron
version: 16790
installed: true

package: libglide2
version: 24651
installed: true

package: libmlgtk-ocaml
version: 15381
installed: true

package: libgnomeui-common
version: 18650
installed: true

package: libsepol1
version: 13833
installed: true

package: login
version: 27841
installed: true

package: libncursesw5
version: 22915
installed: true

package: kdegraphics-libs-data
version: 28966
installed: true

package: kdemultimedia-kappfinder-data
version: 28861
installed: true

package: libxrandr2
version: 28454
installed: true

package: kfilereplace
version: 27716
installed: true

package: libxfont1
version: 26770
installed: true

package: planner
version: 5970
installed: true

package: liblzo1
version: 13030
installed: true

package: libdb4.3
version: 21967
installed: true

package: korn
version: 28792
installed: true

package: libedata-book1
version: 9498
installed: true

package: gnome-keyring
version: 2543
installed: true

package: libtag1
version: 11427
installed: true

package: libhtml-formattext-withlinks-perl
version: 5725
installed: true

package: libiodbc2
version: 21256
installed: true

package: gstreamer0.8-plugin-apps
version: 4611
installed: true

package: libdb2
version: 28572
installed: true

package: esound
version: 1793
installed: true

package: khexedit
version: 28786
installed: true

package: libxpm4
version: 21913
installed: true

package: libgimpprint1
version: 21843
installed: true

package: gtk2-engines-industrial
version: 27377
installed: true

package: kspaceduel
version: 28786
installed: true

package: libident
version: 6530
installed: true

package: libqt3c102-mt
version: 28706
installed: true

package: libgpmg1
version: 14066
installed: true

package: gnome-desktop-data
version: 19123
installed: true

package: libqt4-network
version: 28989
installed: true

package: libglib1.2
version: 11123
installed: true

package: libxi6
version: 28398
installed: true

package: libgtkhtml3.2-11
version: 20212
installed: true

package: libsvn1
version: 11960
installed: true

package: libsrtp0
version: 11997
installed: true

package: libbonoboui2-0
version: 18928
installed: true

package: liboil0.3
version: 2290
installed: true

package: libdvdread3
version: 5152
installed: true

package: libxp6
version: 21913
installed: true

package: gdb
version: 23424
installed: true

package: xlibmesa-gl
version: 28074
installed: true

package: libjack0
version: 26386
installed: true

package: python2.3-gtk2
version: 17621
installed: true

package: libwavpack1
version: 22435
installed: true

package: whiptail
version: 7184
installed: true

package: gpgsm
version: 15752
installed: true

package: libattr1
version: 27290
installed: true

package: gnome-utils
version: 18130
installed: true

package: libexpat1
version: 15436
installed: true

package: xlibs
version: 21913
installed: true

package: libxext6
version: 28392
installed: true

package: libisc45
version: 28102
installed: true

package: gtk2-engines-mist
version: 27377
installed: true

package: libjack0.100.0-0
version: 8285
installed: true

package: libtdb1
version: 10815
installed: true

package: libogg-dev
version: 10703
installed: true

package: libflac8
version: 10817
installed: true

package: libfontconfig1
version: 18117
installed: true

package: devfsd
version: 11695
installed: true

package: konsole
version: 28788
installed: true

package: libqca2
version: 15475
installed: true

package: libxslt1.1
version: 10498
installed: true

package: vlc-data
version: 10258
installed: true

package: libvorbis0a
version: 10252
installed: true

package: tcl8.5
version: 23992
installed: true

package: bluefish
version: 8935
installed: true

package: python
version: 17701
installed: true

package: hal
version: 2696
installed: true

package: python2.6-minimal
version: 17703
installed: true

package: python-minimal
version: 17701
installed: true

package: libreadline5
version: 22673
installed: true

package: libdb4.5
version: 22144
installed: true

package: libgfortran3
version: 21923
installed: true

package: libstreams0
version: 3968
installed: true

package: libinstpatch-1.0-0
version: 9211
installed: true

package: libkdnssd4
version: 28966
installed: true

package: modutils
version: 17316
installed: true

package: libdbus-glib-1-2
version: 7726
installed: true

package: libxcursor-dev
version: 26593
installed: true

package: python2.3
version: 16946
installed: true

package: libdatrie0
version: 1010
installed: true

package: gnome-system-tools
version: 9208
installed: true

package: libreadline4
version: 21890
installed: true

package: kate
version: 28788
installed: true

package: python2.5
version: 17488
installed: true

package: libpolkit-gobject-1-0
version: 7956
installed: true

package: libepc-common
version: 2249
installed: true

package: libx11-data
version: 28408
installed: true

package: python2.3-xml
version: 4475
installed: true

package: apache2-utils
version: 16712
installed: true

package: tzdata
version: 24852
installed: true

package: libeggdbus-1-0
version: 3358
installed: true

package: edict
version: 24699
installed: true

package: phonon-backend-null
version: 28984
installed: true

package: libpisock8
version: 5827
installed: true

package: gaim
version: 26624
installed: true

package: libmysqlclient16
version: 22666
installed: true

package: libtiff4
version: 20944
installed: true

package: evolution-data-server
version: 9498
installed: true

package: install-info
version: 22324
installed: true

package: libgnutls11
version: 9778
installed: true

package: libtasn1-2
version: 1719
installed: true

package: libsasl2
version: 16269
installed: true

package: liblqr-1-0
version: 895
installed: true

package: libcap2
version: 27474
installed: true

package: libsasl2-2
version: 16281
installed: true

package: console-common
version: 4174
installed: true

package: libflac6
version: 10168
installed: true

package: libpulse-mainloop-glib0
version: 5382
installed: true

package: libmysqlclient15off
version: 22596
installed: true

package: consolekit
version: 1721
installed: true

package: libdbus-1-3
version: 10824
installed: true

package: libapr0
version: 15845
installed: true

package: xkb-data
version: 4715
installed: true

package: libbsd0
version: 1394
installed: true

package: libsvn0
version: 10287
installed: true

package: gstreamer0.8-audiofile
version: 4611
installed: true

package: libarts1
version: 11466
installed: true

package: libgda3-common
version: 19716
installed: true

package: liblockfile1
version: 12528
installed: true

package: libofa0
version: 4972
installed: true

package: libgif4
version: 21725
installed: true

package: libkdenetwork2
version: 28792
installed: true

package: courier-base
version: 7417
installed: true

package: libcups2
version: 12036
installed: true

package: libots0
version: 2938
installed: true

package: oxygen-icon-theme
version: 28965
installed: true

package: libsablevm-classlib1-java
version: 13690
installed: true

package: kdeeject
version: 28866
installed: true

package: libdb4.2++
version: 21873
installed: true

package: libaccess-bridge-java
version: 14229
installed: true

package: libgii1
version: 26470
installed: true

package: atlantik
version: 28786
installed: true

package: libaudiofile0
version: 1646
installed: true

package: libesd0
version: 1806
installed: true

package: lp-solve
version: 22854
installed: true

package: libasound2
version: 9824
installed: true

package: libnss3
version: 28502
installed: true

package: libraptor1
version: 12154
installed: true

package: kdepimlibs-kio-plugins
version: 28966
installed: true

package: python-numpy
version: 26773
installed: true

package: libqt4-xmlpatterns
version: 28989
installed: true

package: libopenspc0
version: 2318
installed: true

package: libglade2-0
version: 27336
installed: true

package: libparserutils0
version: 166
installed: true

package: libtwolame0
version: 2257
installed: true

package: libxxf86misc1
version: 26458
installed: true

package: klettres
version: 28793
installed: true

package: libpcsclite1
version: 11102
installed: true

package: libglib1.2-dev
version: 11123
installed: true

package: libmusicbrainz4
version: 16044
installed: true

package: libgda2-3
version: 10948
installed: true

package: libart-2.0-2
version: 17018
installed: true

package: kblackbox
version: 28786
installed: true

package: sgml-data
version: 15573
installed: true

package: libsdl1.2debian
version: 11059
installed: true

package: cpp-2.95
version: 27544
installed: true

package: gnome-desktop-environment
version: 24432
installed: true

package: python-support
version: 9711
installed: true

package: libartsc0
version: 12468
installed: true

package: korganizer
version: 28792
installed: true

package: libkunitconversion4
version: 28966
installed: true

package: libjasper-1.701-1
version: 15039
installed: true

package: libsvga1
version: 26784
installed: true

package: ca-certificates
version: 25713
installed: true

package: galeon-common
version: 15632
installed: true

package: rhythmbox
version: 4577
installed: true

package: libxcb-render0
version: 12530
installed: true

package: xml-core
version: 5856
installed: true

package: libxkbfile1
version: 26486
installed: true

package: kbackgammon
version: 28786
installed: true

package: mozilla-psm
version: 28502
installed: true

package: dhcp-client
version: 19971
installed: true

package: libudev0
version: 24537
installed: true

package: gstreamer0.8-vorbis
version: 4570
installed: true

package: libcaca0
version: 8249
installed: true

package: module-init-tools
version: 20316
installed: true

package: libsolidcontrol4
version: 28969
installed: true

package: ktip
version: 28788
installed: true

package: libavc1394-0
version: 3083
installed: true

package: libraw1394-11
version: 15608
installed: true

package: gcj-4.2-base
version: 21821
installed: true

package: libxext-dev
version: 28392
installed: true

package: libmagick6
version: 29017
installed: true

package: libfam0
version: 17968
installed: true

package: gedit-common
version: 18165
installed: true

package: kstars-data
version: 28793
installed: true

package: libk5crypto3
version: 13173
installed: true

package: liblua50
version: 22556
installed: true

package: libopenexr6
version: 12638
installed: true

package: kdelibs-data
version: 28799
installed: true

package: xbase-clients
version: 21913
installed: true

package: html2text
version: 11479
installed: true

package: xinit
version: 11387
installed: true

package: libsoup2.4-1
version: 19122
installed: true

package: libzephyr4
version: 19564
installed: true

package: cpp
version: 28803
installed: true

package: libxss1
version: 26623
installed: true

package: libkonq4
version: 28788
installed: true

package: libaspell-dev
version: 7321
installed: true

package: python2.4
version: 17257
installed: true

package: libusb-0.1-4
version: 28244
installed: true

package: libhal-storage1
version: 3272
installed: true

package: libhal1
version: 3272
installed: true

package: libgssapi-krb5-2
version: 13173
installed: true

package: libostyle1
version: 11808
installed: true

package: kdesktop
version: 28788
installed: true

package: kdelibs4
version: 28799
installed: true

package: libkabc4
version: 28966
installed: true

package: libkscreensaver5
version: 28969
installed: true

package: iproute
version: 25652
installed: true

package: libcupsys2-gnutls10
version: 10488
installed: true

package: libopenexr2
version: 10873
installed: true

package: kdebase-bin
version: 28788
installed: true

package: libshishi0
version: 476
installed: true

package: kbounce
version: 28786
installed: true

package: libkdeui5
version: 28966
installed: true

package: kdemultimedia-kio-plugins
version: 28786
installed: true

package: libqt4-svg
version: 28989
installed: true

package: libvorbisenc2
version: 10252
installed: true

package: libstreamanalyzer0
version: 3968
installed: true

package: libkdesu5
version: 28966
installed: true

package: grep
version: 17459
installed: true

package: ktimer
version: 28786
installed: true

package: esmtp
version: 2949
installed: true

package: cpp-4.2
version: 21823
installed: true

package: libcdparanoia0
version: 19530
installed: true

package: libdvdnav4
version: 1134
installed: true

package: python-elementtree
version: 11023
installed: true

package: libqt4-script
version: 28989
installed: true

package: libqt4-sql
version: 28989
installed: true

package: python2.5-minimal
version: 17488
installed: true

package: libsgutils2-2
version: 14266
installed: true

package: libgomp1
version: 21923
installed: true

package: mailx
version: 28219
installed: true

package: libgps19
version: 19400
installed: true

package: tokyotyrant-doc
version: 10514
installed: true

package: libknewstuff2-4
version: 28966
installed: true

package: libhtml-parser-perl
version: 21225
installed: true

package: oss-compat
version: 256
installed: true

package: libdrm2
version: 17307
installed: true

package: kuickshow
version: 28791
installed: true

package: libsoprano4
version: 17409
installed: true

package: pppoeconf
version: 12824
installed: true

package: libnepomukquery4a
version: 28966
installed: true

package: libplasma3
version: 28966
installed: true

package: gstreamer0.8-mad
version: 4611
installed: true

package: libaa1
version: 11814
installed: true

package: gnome-panel
version: 18668
installed: true

package: desktop-file-utils
version: 6145
installed: true

package: libxtst6
version: 21913
installed: true

package: libgnomeprint2.2-0
version: 18812
installed: true

package: krec
version: 28786
installed: true

package: libkrosscore4
version: 28966
installed: true

package: pidgin-data
version: 17207
installed: true

package: svgalibg1
version: 26784
installed: true

package: libssl0.9.8
version: 5208
installed: true

package: kdevelop3-data
version: 28771
installed: true

package: libpam0g
version: 10171
installed: true

package: libgstreamer0.10-0
version: 5653
installed: true

package: klettres-data
version: 28793
installed: true

package: sysklogd
version: 11906
installed: true

package: ktux
version: 28792
installed: true

package: dbus-x11
version: 11201
installed: true

package: libaiksaurus-1.2-data
version: 10851
installed: true

package: aspell-pt-common
version: 7136
installed: true

package: python2.1-numeric
version: 24352
installed: true

package: libfaad0
version: 17624
installed: true

package: libgc1
version: 28019
installed: true

package: gnumeric-common
version: 12698
installed: true

package: libgsm1
version: 9744
installed: true

package: libgoffice-1-common
version: 1461
installed: true

package: xsltproc
version: 10467
installed: true

package: libgnutls26
version: 18186
installed: true

package: gnupg
version: 12086
installed: true

package: libdirac-encoder0
version: 9397
installed: true

package: libschroedinger-1.0-0
version: 9667
installed: true

package: libcdio10
version: 7590
installed: true

package: xbitmaps
version: 10085
installed: true

package: libvcdinfo0
version: 4165
installed: true

package: industrial-cursor-theme
version: 3548
installed: true

package: libdjvulibre21
version: 20675
installed: true

package: libgsasl7
version: 1775
installed: true

package: libkholidays4
version: 28966
installed: true

package: libbz2-1.0
version: 9546
installed: true

package: libxrender1
version: 26209
installed: true

package: libregexp-java
version: 11264
installed: true

package: ghostscript-x
version: 24038
installed: true

package: libxml2-utils
version: 17773
installed: true

package: libisc7
version: 28099
installed: true

package: libboost-program-options1.42.0
version: 14466
installed: true

package: libpoppler0c2
version: 2649
installed: true

package: libebook8
version: 9498
installed: true

package: libgudev-1.0-0
version: 24536
installed: true

package: libvlccore4
version: 10258
installed: true

package: libdvbpsi4
version: 1071
installed: true

package: libebml0
version: 4088
installed: true

package: libxi-dev
version: 28398
installed: true

package: libltdl7
version: 16607
installed: true

package: libgweather-common
version: 19128
installed: true

package: libkhtml5
version: 28966
installed: true

package: xfonts-base
version: 26444
installed: true

package: libice-dev
version: 28362
installed: true

package: libsm-dev
version: 28382
installed: true

package: sendmail-base
version: 24013
installed: true

package: khangman
version: 28793
installed: true

package: texinfo
version: 22324
installed: true

package: libxmu-dev
version: 28374
installed: true

package: libxt-dev
version: 26495
installed: true

package: libmad0
version: 6181
installed: true

package: libxrandr-dev
version: 28454
installed: true

package: x11proto-randr-dev
version: 11461
installed: true

package: libidn11-dev
version: 13066
installed: true

package: libxrender-dev
version: 26209
installed: true

package: libxau-dev
version: 26490
installed: true

package: pm-dev
version: 21913
installed: true

package: binutils
version: 18874
installed: true

package: xserver-xfree86
version: 21913
installed: true

package: libfont-afm-perl
version: 14043
installed: true

package: liborc-0.4-0
version: 26021
installed: true

package: konqueror-nsplugins
version: 28788
installed: true

package: gcc-4.2-base
version: 21823
installed: true

package: gconf-editor
version: 18152
installed: true

package: ksirc
version: 28797
installed: true

package: libcurl3-gnutls
version: 23822
installed: true

package: mime-support
version: 21232
installed: true

package: gnome-gv
version: 27379
installed: true

package: openjdk-6-jre-headless
version: 23280
installed: true

package: gs
version: 24027
installed: true

package: libxmu-headers
version: 28374
installed: true

package: libgs8
version: 24038
installed: true

package: libjbig2dec0
version: 5722
installed: true

package: liblualib50
version: 22557
installed: true

package: libgda2-common
version: 10948
installed: true

package: libgcc1
version: 27920
installed: true

package: libct4
version: 7616
installed: true

package: libio-stringy-perl
version: 19432
installed: true

package: gnome-applets-data
version: 18154
installed: true

package: gksu
version: 10979
installed: true

package: libgp11-0
version: 19130
installed: true

package: libgksu1.2-0
version: 11614
installed: true

package: libxv-dev
version: 28358
installed: true

package: ipchains
version: 11648
installed: true

package: abiword-gnome
version: 17258
installed: true

package: libkpimutils4
version: 28966
installed: true

package: libslp1
version: 10833
installed: true

package: libgtk1.2
version: 11123
installed: true

package: ttf-freefont
version: 25667
installed: true

package: gtk2-engines-redmond95
version: 27377
installed: true

package: ttf-dejavu-core
version: 19137
installed: true

package: libwildmidi0
version: 1521
installed: true

package: isc-dhcp-common
version: 21679
installed: true

package: libsidplay1
version: 14402
installed: true

package: libgmime-2.4-2
version: 17293
installed: true

package: gstreamer0.8-gnomevfs
version: 4570
installed: true

package: libmailtools-perl
version: 17547
installed: true

package: libarts1-mpeglib
version: 28786
installed: true

package: aalib1
version: 11813
installed: true

package: libtimedate-perl
version: 15087
installed: true

package: libavahi-glib1
version: 3792
installed: true

package: openoffice.org-common
version: 27270
installed: true

package: openoffice.org-style-andromeda
version: 27270
installed: true

package: libusb-1.0-0
version: 28366
installed: true

package: eog
version: 18148
installed: true

package: ttf-opensymbol
version: 27661
installed: true

package: kpf
version: 28797
installed: true

package: libhyphen0
version: 17350
installed: true

package: liblwres9
version: 28100
installed: true

package: libvorbisfile3
version: 10252
installed: true

package: menu
version: 16282
installed: true

package: base-passwd
version: 20666
installed: true

package: libwpd8c2a
version: 4625
installed: true

package: libwps-0.1-1
version: 967
installed: true

package: libicu36
version: 20681
installed: true

package: gpdf
version: 18151
installed: true

package: kicker-applets
version: 28794
installed: true

package: liblcms1-dev
version: 13900
installed: true

package: libwpg-0.1-1
version: 967
installed: true

package: tk8.4-dev
version: 23982
installed: true

package: rhino
version: 12521
installed: true

package: java-common
version: 6758
installed: true

package: cpio
version: 17353
installed: true

package: libopensc1
version: 5078
installed: true

package: po-debconf
version: 4649
installed: true

package: gettext
version: 6117
installed: true

package: intltool-debian
version: 6885
installed: true

package: fastjar
version: 28316
installed: true

package: netbase
version: 22419
installed: true

package: libgcj7-jar
version: 21668
installed: true

package: libgcj9-0
version: 21924
installed: true

package: mysql-common
version: 22666
installed: true

package: gcj-4.4-base
version: 22063
installed: true

package: libsybdb5
version: 7385
installed: true

package: evolution-data-server-common
version: 19129
installed: true

package: openjdk-6-jre
version: 23279
installed: true

package: libecj-java
version: 20603
installed: true

package: nautilus
version: 18152
installed: true

package: fontconfig-config
version: 18117
installed: true

package: libphonon4
version: 28984
installed: true

package: gnome-office
version: 24432
installed: true

package: libakonadi-kmime4
version: 28966
installed: true

package: libaudio2
version: 12830
installed: true

package: unzip
version: 23160
installed: true

package: librcd0
version: 1177
installed: true

package: debianutils
version: 20513
installed: true

package: gtkhtml3.2
version: 20212
installed: true

package: openoffice.org-java-common
version: 27661
installed: true

package: perl-modules
version: 22992
installed: true

package: linux-kernel-headers
version: 17781
installed: true

package: openoffice.org-l10n-en
version: 10272
installed: true

package: libgnome2-common
version: 18876
installed: true

package: fontconfig
version: 17606
installed: true

package: libgtop2-2
version: 17608
installed: true

package: libglu1-mesa
version: 23477
installed: true

package: libart-2.0-dev
version: 17018
installed: true

package: libntrack0
version: 23856
installed: true

package: klinkstatus
version: 27716
installed: true

package: libembryo0
version: 5273
installed: true

package: gnome-system-monitor
version: 18137
installed: true

package: gnome-doc-tools
version: 8967
installed: true

package: policykit-1
version: 7956
installed: true

package: libpisync0
version: 5903
installed: true

package: libbluetooth3
version: 22449
installed: true

package: libpcap0.8
version: 10154
installed: true

package: libsmbclient
version: 19861
installed: true

package: tidy
version: 25356
installed: true

package: ksnake
version: 28786
installed: true

package: libkdegames1
version: 28786
installed: true

package: kapptemplate
version: 28792
installed: true

package: libgsf-1-common
version: 13889
installed: true

package: libsensors3
version: 27415
installed: true

package: klatin
version: 28793
installed: true

package: gnomemeeting
version: 10807
installed: true

package: gcc-2.95
version: 27544
installed: true

package: kdeedu-data
version: 28832
installed: true

package: pppconfig
version: 17011
installed: true

package: ppp
version: 17247
installed: true

package: libkpimexchange1
version: 28792
installed: true

package: libkgantt0
version: 28792
installed: true

package: kfax
version: 28791
installed: true

package: qt3-designer
version: 28706
installed: true

package: libgirepository1.0-0
version: 3749
installed: true

package: gedit
version: 18165
installed: true

package: gnome-media
version: 18113
installed: true

package: libgtksourceview1.0-0
version: 13198
installed: true

package: kpercentage
version: 28793
installed: true

package: less
version: 24596
installed: true

package: libpostproc0d
version: 8812
installed: true

package: xfonts-scalable
version: 26456
installed: true

package: libarts1-xine
version: 28786
installed: true

package: libmodplug0
version: 26093
installed: true

package: ksmserver
version: 28788
installed: true

package: libss2
version: 14405
installed: true

package: gnome-themes
version: 19122
installed: true

package: libxcb-render-util0
version: 2159
installed: true

package: libexo-common
version: 2325
installed: true

package: libxxf86vm1
version: 26467
installed: true

package: at
version: 20045
installed: true

package: kgpg
version: 28786
installed: true

package: icewm-common
version: 11206
installed: true

package: kde-config-cron
version: 28968
installed: true

package: imlib11
version: 13506
installed: true

package: tk8.4
version: 23982
installed: true

package: libcelt0-0
version: 3930
installed: true

package: libgnomevfs2-0
version: 27484
installed: true

package: kdict
version: 28797
installed: true

package: libarts1-audiofile
version: 28786
installed: true

package: libguile-ltdl-1
version: 12751
installed: true

package: konsolekalendar
version: 28792
installed: true

package: libssl-dev
version: 5157
installed: true

package: guile-1.6-libs
version: 12740
installed: true

package: gnome-games-data
version: 27464
installed: true

package: imagemagick
version: 29017
installed: true

package: kolf
version: 28786
installed: true

package: ude
version: 1708
installed: true

package: libpt-1.10.10-plugins-avc
version: 13627
installed: true

package: gnome-games
version: 27464
installed: true

package: libmimelib1a
version: 28792
installed: true

package: kmid
version: 28786
installed: true

package: kdegames-mahjongg-data
version: 28965
installed: true

package: pwm
version: 9896
installed: true

package: xemacs21-mulesupport
version: 24716
installed: true

package: libyajl1
version: 9640
installed: true

package: kbattleship
version: 28786
installed: true

package: libjpeg-progs
version: 23861
installed: true

package: libobparser21
version: 20552
installed: true

package: gaim-data
version: 26624
installed: true

package: libxfce4util-1
version: 21551
installed: true

package: libglibmm-2.4-1
version: 17619
installed: true

package: libplist1
version: 11271
installed: true

package: kdegames-card-data
version: 28965
installed: true

package: php5-common
version: 22762
installed: true

package: djvulibre-desktop
version: 20669
installed: true

package: kdesdk-scripts
version: 28965
installed: true

package: kjumpingcube
version: 28786
installed: true

package: kdf
version: 28786
installed: true

package: kcharselect
version: 28786
installed: true

package: libgphoto2-2
version: 17259
installed: true

package: kmrml
version: 28791
installed: true

package: ocaml-base-nox
version: 20887
installed: true

package: kaboodle
version: 28786
installed: true

package: libavutil49
version: 28739
installed: true

package: klaptopdaemon
version: 28786
installed: true

package: kmplot
version: 28793
installed: true

package: libcpufreq0
version: 21390
installed: true

package: xtrans-dev
version: 10973
installed: true

package: klines
version: 28786
installed: true

package: krdc
version: 28797
installed: true

package: libsqlite3-0
version: 20828
installed: true

package: juk
version: 28786
installed: true

package: libtunepimp3
version: 2558
installed: true

package: libtunepimp-bin
version: 2558
installed: true

package: libtunepimp2
version: 1947
installed: true

package: kdewallpapers
version: 28965
installed: true

package: kpovmodeler
version: 28791
installed: true

package: libpciaccess0
version: 5891
installed: true

package: libkworkspace4
version: 28969
installed: true

package: libtiff-tools
version: 20944
installed: true

package: libksgrd4
version: 28969
installed: true

package: libprocesscore4a
version: 28969
installed: true

package: libprocessui4a
version: 28969
installed: true

package: kdessh
version: 28786
installed: true

package: libqimageblitz4
version: 25874
installed: true

package: klipper
version: 28788
installed: true

package: kdebase-kio-plugins
version: 28788
installed: true

package: imlib-base
version: 13506
installed: true

package: ksysguardd
version: 28788
installed: true

package: libsensors4
version: 27585
installed: true

package: libkde3support4
version: 28966
installed: true

package: ktron
version: 28786
installed: true

package: synaptic
version: 7375
installed: true

package: kjots
version: 28786
installed: true

package: kscreensaver-xsavers
version: 28786
installed: true

package: kappfinder
version: 28788
installed: true

package: kdepasswd
version: 28788
installed: true

package: dbus-glib-1
version: 6606
installed: true

package: ksig
version: 28794
installed: true

package: libhal-storage0
version: 2696
installed: true

package: enscript
version: 12713
installed: true

package: khelpcenter
version: 28788
installed: true

package: kpersonalizer
version: 28788
installed: true

package: kdepim
version: 28792
installed: true

package: pmount
version: 4226
installed: true

package: libgcj-common
version: 27931
installed: true

package: ark
version: 28786
installed: true

package: libhtml-tree-perl
version: 21146
installed: true

package: libakonadiprivate1
version: 11433
installed: true

package: kaddressbook
version: 28792
installed: true

package: libkpty4
version: 28966
installed: true

package: odbcinst1debian2
version: 16705
installed: true

package: marble-data
version: 28966
installed: true

package: libortp8
version: 20351
installed: true

package: kscreensaver
version: 28786
installed: true

package: nautilus-data
version: 18152
installed: true

package: xlibmesa-glu
version: 28049
installed: true

package: kommander
version: 27716
installed: true

package: akode
version: 28786
installed: true

package: libdb4.8
version: 22265
installed: true

package: libcroco3-dev
version: 3505
installed: true

package: libpolkit-backend-1-0
version: 7956
installed: true

package: libkdecore5
version: 28966
installed: true

package: libkrb5support0
version: 13173
installed: true

package: libxfixes-dev
version: 27845
installed: true

package: libbonoboui2-common
version: 18928
installed: true

package: libgtkgl2.0-1
version: 14858
installed: true

package: gcc-3.3-base
version: 27731
installed: true

package: kgamma
version: 28791
installed: true

package: amor
version: 28792
installed: true

package: fifteenapplet
version: 28792
installed: true

package: libfinance-quote-perl
version: 13025
installed: true

package: kodo
version: 28792
installed: true

package: kuser
version: 28786
installed: true

package: kpackage
version: 28786
installed: true

package: sane-utils
version: 9767
installed: true

package: ksysv
version: 28786
installed: true

package: libexif12
version: 3763
installed: true

package: slang1
version: 12093
installed: true

package: secpolicy
version: 28786
installed: true

package: bug-buddy
version: 18118
installed: true

package: iptables
version: 11940
installed: true

package: gdbserver
version: 23620
installed: true

package: automake1.4
version: 26756
installed: true

package: libjasper1
version: 15056
installed: true

package: kontact
version: 28792
installed: true

package: xfonts-75dpi
version: 26473
installed: true

package: libc-bin
version: 18475
installed: true

package: kdvi
version: 28791
installed: true

package: libaudio-dev
version: 12830
installed: true

package: libts-0.0-0
version: 8969
installed: true

package: libmad0-dev
version: 6181
installed: true

package: libknotifyconfig4
version: 28966
installed: true

package: kgoldrunner
version: 28786
installed: true

package: gnokii-common
version: 3796
installed: true

package: libjs-mootools
version: 10966
installed: true

package: libnfnetlink0
version: 9208
installed: true

package: libaprutil1
version: 11638
installed: true

package: libisc11
version: 28100
installed: true

package: libgle3
version: 19950
installed: true

package: liblam4
version: 23655
installed: true

package: libedit2
version: 18340
installed: true

package: kaddressbook-plugins
version: 28794
installed: true

package: libqt3-headers
version: 28706
installed: true

package: libfam-dev
version: 17968
installed: true

package: kregexpeditor
version: 28786
installed: true

package: libtheora0
version: 10196
installed: true

package: kmtrace
version: 28792
installed: true

package: libpt-plugins-oss
version: 13177
installed: true

package: libpt-1.8.3
version: 13177
installed: true

package: libakonadi-kcal4
version: 28966
installed: true

package: libxapian22
version: 10917
installed: true

package: liboggflac1
version: 10168
installed: true

package: info
version: 22199
installed: true

package: libcvsservice0
version: 28792
installed: true

package: cvs
version: 26977
installed: true

package: dosfstools
version: 19814
installed: true

package: cdrdao
version: 26636
installed: true

package: kdesdk-misc
version: 28792
installed: true

package: kmilo
version: 28786
installed: true

package: kdeartwork-theme-icon
version: 28965
installed: true

package: kdewebdev
version: 27716
installed: true

package: ksokoban
version: 28786
installed: true

package: libmatroska0
version: 4351
installed: true

package: ksmiletris
version: 28786
installed: true

package: freeglut3
version: 17122
installed: true

package: libglut3
version: 20788
installed: true

package: tcl8.4-dev
version: 23982
installed: true

package: kcalc
version: 28786
installed: true

package: libmime-tools-perl
version: 23215
installed: true

package: kdeartwork-misc
version: 28862
installed: true

package: gs-common
version: 24038
installed: true

package: nautilus-cd-burner
version: 18202
installed: true

package: mkisofs
version: 28746
installed: true

package: kverbos
version: 28793
installed: true

package: libnautilus-burn0
version: 18202
installed: true

package: cdrecord
version: 29035
installed: true

package: gnome-core
version: 24432
installed: true

package: libapm1
version: 20191
installed: true

package: yelp
version: 17685
installed: true

package: libxxf86dga1
version: 28392
installed: true

package: evince-common
version: 19129
installed: true

package: kscd
version: 28786
installed: true

package: powermgmt-base
version: 14142
installed: true

package: libdb4.4
version: 22089
installed: true

package: gtk2-engines-pixbuf
version: 17680
installed: true

package: kdeadmin-kfile-plugins
version: 28786
installed: true

package: librecode0
version: 20688
installed: true

package: totem
version: 8256
installed: true

package: x11-common
version: 28074
installed: true

package: dcoprss
version: 28797
installed: true

package: sendmail-cf
version: 24007
installed: true

package: librss1
version: 28797
installed: true

package: noatun
version: 28786
installed: true

package: kdenetwork-filesharing
version: 28966
installed: true

package: fortune-mod
version: 27053
installed: true

package: python2.1
version: 16139
installed: true

package: kget
version: 28797
installed: true

package: libisccfg1
version: 28100
installed: true

package: libopenh323-1.15.2
version: 13920
installed: true

package: libgsmme1c2a
version: 13570
installed: true

package: gtk2-engines-lighthouseblue
version: 27377
installed: true

package: krfb
version: 28797
installed: true

package: kwifimanager
version: 28797
installed: true

package: libiw28
version: 24388
installed: true

package: libiw30
version: 24400
installed: true

package: libiw29
version: 24396
installed: true

package: libiptcdata0
version: 9501
installed: true

package: xserver-common
version: 21913
installed: true

package: gnome-terminal
version: 18152
installed: true

package: libksba8
version: 9613
installed: true

package: kiten
version: 28793
installed: true

package: kanjidic
version: 24817
installed: true

package: libarchive1
version: 18171
installed: true

package: kdeartwork
version: 28786
installed: true

package: vim-gtk
version: 28017
installed: true

package: libwww0
version: 22790
installed: true

package: libkdeedu1
version: 28793
installed: true

package: libkfile4
version: 28966
installed: true

package: gnupg2
version: 15375
installed: true

package: sysvinit-utils
version: 19375
installed: true

package: dia-common
version: 7891
installed: true

package: kshisen
version: 28786
installed: true

package: libtelepathy-glib0
version: 5840
installed: true

package: libsane
version: 9813
installed: true

package: kcoloredit
version: 28791
installed: true

package: kdegraphics-kfile-plugins
version: 28791
installed: true

package: kooka
version: 28791
installed: true

package: kpdf
version: 28791
installed: true

package: ksvg
version: 28791
installed: true

package: gcc-3.4-base
version: 20521
installed: true

package: knewsticker-scripts
version: 28832
installed: true

package: libnews-nntpclient-perl
version: 6917
installed: true

package: libmime-perl
version: 23216
installed: true

package: kalarm
version: 28792
installed: true

package: abiword-common
version: 18184
installed: true

package: libgoffice-0.8-8-common
version: 4608
installed: true

package: libaiksaurus-1.2-0c2a
version: 10851
installed: true

package: libgoffice-0-common
version: 2556
installed: true

package: libgsf-gnome-1-114
version: 13860
installed: true

package: ktuberling
version: 28786
installed: true

package: libgtk1.2-dev
version: 11123
installed: true

package: konquest
version: 28786
installed: true

package: zope-passwordresettool
version: 2513
installed: true

package: libwmf0.2-7
version: 1685
installed: true

package: x11-xfs-utils
version: 23714
installed: true

package: gsfonts
version: 28095
installed: true

package: libdrm-intel1
version: 17307
installed: true

package: libproxy0
version: 1982
installed: true

package: console-data
version: 28512
installed: true

package: dnsutils
version: 28099
installed: true

package: zenity
version: 19107
installed: true

package: kdelibs
version: 28799
installed: true

package: libjpeg8
version: 23861
installed: true

package: libgnome-pilot2
version: 15761
installed: true

package: hicolor-icon-theme
version: 4219
installed: true

package: libopenct1
version: 3785
installed: true

package: kedit
version: 28786
installed: true

package: openssh-client
version: 27959
installed: true

package: libinstpatch-1.0-0-dbg
version: 9211
installed: true

package: myspell-en-gb
version: 27659
installed: true

package: quanta-data
version: 27716
installed: true

package: gnome2-user-guide
version: 18133
installed: true

package: libspectre1
version: 1632
installed: true

package: libsigc++-2.0-0
version: 15703
installed: true

package: fam
version: 17964
installed: true

package: portmap
version: 22492
installed: true

package: kdepim-wizards
version: 28792
installed: true

package: libkcddb1
version: 28786
installed: true

package: totem-xine
version: 8256
installed: true

package: kleopatra
version: 28792
installed: true

package: libpth2
version: 15425
installed: true

package: dirmngr
version: 9315
installed: true

package: ca-certificates-java
version: 25767
installed: true

package: gimp-data
version: 16594
installed: true

package: gtk2-engines-thinice
version: 27377
installed: true

package: gtk2-engines-crux
version: 27377
installed: true

package: libhtml-format-perl
version: 17035
installed: true

package: xlibs-data
version: 28049
installed: true

package: gtk2-engines-smooth
version: 27377
installed: true

package: kpoker
version: 28786
installed: true

package: libpt-1.10.10-plugins-alsa
version: 13628
installed: true

package: kwalletmanager
version: 28786
installed: true

package: cervisia
version: 28792
installed: true

package: kompare
version: 28792
installed: true

package: libakonadi-kabc4
version: 28966
installed: true

package: libgnomecanvas2-common
version: 18639
installed: true

package: kdemultimedia-kfile-plugins
version: 28786
installed: true

package: libisofs6
version: 3802
installed: true

package: makedev
version: 16870
installed: true

package: metacity
version: 27447
installed: true

package: kbabel
version: 28792
installed: true

package: python2.2-numeric
version: 24352
installed: true

package: libqthreads-12
version: 12740
installed: true

package: libgphoto2-port0
version: 17259
installed: true

package: shared-desktop-ontologies
version: 2840
installed: true

package: libgsf-1-114
version: 13887
installed: true

package: libbluetooth2
version: 21193
installed: true

package: libscrollkeeper0
version: 2281
installed: true

package: gcalctool
version: 22088
installed: true

package: libldb0
version: 7810
installed: true

package: libperl5.8
version: 22992
installed: true

package: libsilc-1.1-2
version: 10357
installed: true

package: apache2.2-bin
version: 16712
installed: true

package: gucharmap
version: 26777
installed: true

package: kcron
version: 28968
installed: true

package: libgdata-common
version: 3614
installed: true

package: libsdl1.2debian-oss
version: 11059
installed: true

package: liblircclient0
version: 4449
installed: true

package: x11proto-fixes-dev
version: 27873
installed: true

package: vino
version: 19070
installed: true

package: python2.4-minimal
version: 17257
installed: true

package: libmoe1.5
version: 12463
installed: true

package: kandy
version: 28792
installed: true

package: katomic
version: 28786
installed: true

package: gnome-cards-data
version: 27464
installed: true

package: kpager
version: 28788
installed: true

package: python2.1-opengl
version: 15466
installed: true

package: python2.2-opengl
version: 15466
installed: true

package: fortunes-min
version: 27054
installed: true

package: openjdk-6-jre-lib
version: 23280
installed: true

package: kdeedu
version: 28793
installed: true

package: kalzium
version: 28793
installed: true

package: hotplug
version: 576
installed: true

package: libpaper1
version: 10492
installed: true

package: keduca
version: 28793
installed: true

package: kdeedu-kvtml-data
version: 28966
installed: true

package: kstars
version: 28793
installed: true

package: libvlc5
version: 10258
installed: true

package: libvolume-id0
version: 8313
installed: true

package: ktouch
version: 28793
installed: true

package: parley-data
version: 28966
installed: true

package: libiso9660-7
version: 7590
installed: true

package: kdeartwork-emoticons
version: 28965
installed: true

package: atlantikdesigner
version: 28794
installed: true

package: nano
version: 10957
installed: true

package: libgoffice-1-2
version: 1461
installed: true

package: kdeaddons-kfile-plugins
version: 28794
installed: true

package: libieee1284-3
version: 1728
installed: true

package: liblablgtk2-ocaml
version: 17131
installed: true

package: libspeechd1
version: 2845
installed: true

package: procps
version: 27659
installed: true

package: libxtrap6
version: 21913
installed: true

package: ksync
version: 28792
installed: true

package: gstreamer0.8-x
version: 4570
installed: true

package: kenolaba
version: 28786
installed: true

package: telnet
version: 6317
installed: true

package: shishi-common
version: 476
installed: true

package: kfouleggs
version: 28786
installed: true

package: klickety
version: 28786
installed: true

package: ksirtet
version: 28786
installed: true

package: kmailcvt
version: 28792
installed: true

package: libaprutil1-ldap
version: 11638
installed: true

package: ksplash
version: 28788
installed: true

package: kaudiocreator
version: 28786
installed: true

package: kdeartwork-style
version: 28786
installed: true

package: knode
version: 28792
installed: true

package: libqt4-sql-sqlite
version: 28989
installed: true

package: menu-xdg
version: 2837
installed: true

package: kate-plugins
version: 28794
installed: true

package: kdeartwork-theme-window
version: 28965
installed: true

package: libgucharmap4
version: 26777
installed: true

package: libgnome2-0
version: 18876
installed: true

package: libpisock9
version: 5919
installed: true

package: kitchensync
version: 28792
installed: true

package: libindex0
version: 28863
installed: true

package: courier-authlib-userdb
version: 7391
installed: true

package: openssh-blacklist
version: 935
installed: true

package: libcupsimage2
version: 12008
installed: true

package: libnsbmp0
version: 166
installed: true

package: xlibmesa-dri
version: 21913
installed: true

package: inkscape
version: 6988
installed: true

package: libgnomeprintui2.2-common
version: 18804
installed: true

package: libtextwrap1
version: 790
installed: true

package: lzma
version: 22415
installed: true

package: libvorbis-ocaml
version: 943
installed: true

package: kcachegrind
version: 28792
installed: true

package: dia-libs
version: 7891
installed: true

package: kdesdk-kfile-plugins
version: 28792
installed: true

package: libc6
version: 18475
installed: true

package: libneon26
version: 6692
installed: true

package: libgpg-error0
version: 12530
installed: true

package: file-roller
version: 18173
installed: true

package: poxml
version: 28792
installed: true

package: umbrello
version: 28792
installed: true

package: libtag1-vanilla
version: 12687
installed: true

package: kprof
version: 11971
installed: true

package: classpath-common
version: 28320
installed: true

package: x-window-system-core
version: 21913
installed: true

package: xfonts-100dpi
version: 26443
installed: true

package: util-linux
version: 18782
installed: true

package: gimp
version: 16594
installed: true

package: libpopt0
version: 13936
installed: true

package: kuiviewer
version: 28792
installed: true

package: libbabl-0.0-0
version: 448
installed: true

package: xsane-common
version: 7985
installed: true

package: fdutils
version: 22787
installed: true

package: capplets-data
version: 27379
installed: true

package: libjack0.80.0-0
version: 8110
installed: true

package: libsigc++-1.2-5c102
version: 10980
installed: true

package: libwnck18
version: 18662
installed: true

package: kwin
version: 28788
installed: true

package: myspell-en-us
version: 27659
installed: true

package: openssl-blacklist
version: 2540
installed: true

# end of solution from packup
# sol printed
