################### MCCS ######################
# solving 
# solving time:0.000492--0.000492s
# problem = 20 packages (14 virtual packages), 6 installed packages.
# request = 2 install, 0 remove, 2 upgrade.
# solution = 7 installed packages, 3 new installed, 2 has been removed.
################### PACKUP ####################
# authors: Mikolas Janota, Joao Marques-Silva
# contributors: Ines Lynce, Vasco Manquinho
# email mikolas@sat.inesc-id.pt
# (C) 2011 Mikolas Janota
# release: 0.6 distribution date: 2011-06-05 change set: e09be74b0d54
# Released under the GPL license.
# solving 
# Optimum sorted objective vector: 2 2 1 
# solving time:0.002995--0.001509s
# sol printing (0.003035)
# beginning of solution from packup
# end of solution from packup
# sol printed
